
Program:
    VarDecl:
        Type: int
        Identifier: a
    FnDecl:
        (return type) Type: int
        Identifier: tester
        (formals) VarDecl:
            Type: int
            Identifier: d
        (body) StmtBlock:
            ReturnStmt:
                ArithmeticExpr:
                    FieldAccess:
                        Identifier: a
                    Operator: +
                    FieldAccess:
                        Identifier: d
    FnDecl:
        (return type) Type: void
        Identifier: main
        (body) StmtBlock:
            VarDecl:
                Type: int
                Identifier: a
            VarDecl:
                Type: int
                Identifier: c
            AssignExpr:
                FieldAccess:
                    Identifier: a
                Operator: =
                IntConstant: 3
            AssignExpr:
                FieldAccess:
                    Identifier: c
                Operator: =
                ArithmeticExpr:
                    FieldAccess:
                        Identifier: a
                    Operator: +
                    FieldAccess:
                        Identifier: b
            PrintStmt:
                (args)Call:
                    Identifier: tester
                    (actuals) FieldAccess:
                        Identifier: c
