
Program:
    FnDecl:
        (return type) Type: void
        Identifier: main
        (body) StmtBlock:
            VarDecl:
                Type: int
                Identifier: a
            VarDecl:
                Type: bool
                Identifier: done
            AssignExpr:
                FieldAccess:
                    Identifier: a
                Operator: =
                IntConstant: 0
            WhileStmt:
                (test)RelationalExpr:
                    FieldAccess:
                        Identifier: a
                    Operator: <
                    IntConstant: 10
                (body)StmtBlock:
                    PrintStmt:
                        (args)FieldAccess:
                            Identifier: a
                        (args)StringConstant: " "
                    AssignExpr:
                        FieldAccess:
                            Identifier: a
                        Operator: =
                        ArithmeticExpr:
                            FieldAccess:
                                Identifier: a
                            Operator: +
                            IntConstant: 1
                    IfStmt:
                        (test)EqualityExpr:
                            FieldAccess:
                                Identifier: a
                            Operator: ==
                            IntConstant: 5
                        (then)BreakStmt:
            IfStmt:
                (test)EqualityExpr:
                    ArithmeticExpr:
                        FieldAccess:
                            Identifier: a
                        Operator: %
                        IntConstant: 2
                    Operator: ==
                    IntConstant: 0
                (then)AssignExpr:
                    FieldAccess:
                        Identifier: a
                    Operator: =
                    IntConstant: 1
                (else)AssignExpr:
                    FieldAccess:
                        Identifier: done
                    Operator: =
                    BoolConstant: true
            ForStmt:
                (init)Empty:
                (test)LogicalExpr:
                    RelationalExpr:
                        FieldAccess:
                            Identifier: a
                        Operator: <=
                        IntConstant: 10
                    Operator: ||
                    FieldAccess:
                        Identifier: done
                (step)AssignExpr:
                    FieldAccess:
                        Identifier: a
                    Operator: =
                    ArithmeticExpr:
                        FieldAccess:
                            Identifier: a
                        Operator: +
                        IntConstant: 1
                (body)StmtBlock:
                    PrintStmt:
                        (args)FieldAccess:
                            Identifier: a
                        (args)StringConstant: " "
                    IfStmt:
                        (test)EqualityExpr:
                            FieldAccess:
                                Identifier: a
                            Operator: ==
                            IntConstant: 10
                        (then)FieldAccess:
                            Identifier: a
            ReturnStmt:
                Empty:
