
   Program: 
      FnDecl: 
         (return type) Type: int
         Identifier: foo
         (formals) VarDecl: 
            Type: int
            Identifier: a
         (formals) VarDecl: 
            Type: double
            Identifier: b
         (formals) VarDecl: 
            Type: bool
            Identifier: c
         (body) StmtBlock: 
            ReturnStmt: 
               ArithmeticExpr: 
                  FieldAccess: 
                     Identifier: a
                  Operator: +
                  IntConstant: 2
      FnDecl: 
         (return type) Type: void
         Identifier: main
         (body) StmtBlock: 
            VarDecl: 
               Type: int
               Identifier: b
            VarDecl: 
               Type: int
               Identifier: a
            VarDecl: 
               Type: double
               Identifier: d
            AssignExpr: 
               FieldAccess: 
                  Identifier: d
               Operator: =
               ArithmeticExpr: 
                  ArithmeticExpr: 
                     IntConstant: 2
                     Operator: +
                     ArithmeticExpr: 
                        IntConstant: 3
                        Operator: *
                        IntConstant: 4
                  Operator: -
                  ArithmeticExpr: 
                     IntConstant: 6
                     Operator: /
                     IntConstant: 2
            AssignExpr: 
               FieldAccess: 
                  Identifier: b
               Operator: =
               ReadIntegerExpr: 
            AssignExpr: 
               FieldAccess: 
                  Identifier: a
               Operator: =
               ArithmeticExpr: 
                  FieldAccess: 
                     Identifier: b
                  Operator: +
                  IntConstant: 2
            PrintStmt: 
               (args) FieldAccess: 
                  Identifier: a
               (args) FieldAccess: 
                  Identifier: b
               (args) FieldAccess: 
                  Identifier: d
            Call: 
               Identifier: foo
               (actuals) FieldAccess: 
                  Identifier: a
               (actuals) FieldAccess: 
                  Identifier: d
               (actuals) LogicalExpr: 
                  Operator: !
                  BoolConstant: true
            Call: 
               Identifier: foo
               (actuals) ArithmeticExpr: 
                  FieldAccess: 
                     Identifier: a
                  Operator: +
                  IntConstant: 2
               (actuals) ArithmeticExpr: 
                  FieldAccess: 
                     Identifier: d
                  Operator: /
                  IntConstant: 2
               (actuals) LogicalExpr: 
                  EqualityExpr: 
                     FieldAccess: 
                        Identifier: a
                     Operator: ==
                     FieldAccess: 
                        Identifier: b
                  Operator: &&
                  RelationalExpr: 
                     FieldAccess: 
                        Identifier: d
                     Operator: >=
                     DoubleConstant: 1
